#
# A fatal error has been detected by the Java Runtime Environment:
#
#  SIGSEGV (0xb) at pc=0x00000001066ab7b4, pid=15952, tid=9731
#
# JRE version: Java(TM) SE Runtime Environment (8.0_20-b26) (build 1.8.0_20-b26)
# Java VM: Java HotSpot(TM) 64-Bit Server VM (25.20-b23 mixed mode bsd-amd64 compressed oops)
# Problematic frame:
# V  [libjvm.dylib+0x2ab7b4]
#
# Failed to write core dump. Core dumps have been disabled. To enable core dumping, try "ulimit -c unlimited" before starting Java again
#
# If you would like to submit a bug report, please visit:
#   http://bugreport.sun.com/bugreport/crash.jsp
#

---------------  T H R E A D  ---------------

Current thread (0x00007fe74a818000):  GCTaskThread [stack: 0x0000700000320000,0x0000700000420000] [id=9731]

siginfo: si_signo: 11 (SIGSEGV), si_code: 0 (unknown), si_addr: 0x0000000000000000

Registers:
RAX=0x0000000116a32000, RBX=0x00007fe74a708060, RCX=0x03ffffffe6000000, RDX=0x1fffffff30000000
RSP=0x000070000041fc50, RBP=0x000070000041fc70, RSI=0x0000000794c7b7e4, RDI=0x00007fe74a708060
R8 =0x0000000000000298, R9 =0x00000000000004d5, R10=0x0040000200040001, R11=0x0400000000000000
R12=0x0000000794c7b7e4, R13=0x0000000794c7b7e8, R14=0x0000000100000000, R15=0x00000007c007c7e0
RIP=0x00000001066ab7b4, EFLAGS=0x0000000000010206, ERR=0x0000000000000000
  TRAPNO=0x000000000000000d

Top of Stack: (sp=0x000070000041fc50)
0x000070000041fc50:   000070000041fcc0 00007fe74a708060
0x000070000041fc60:   00000007c007c7d8 00000007c007c7e0
0x000070000041fc70:   000070000041fcc0 00000001066a849b
0x000070000041fc80:   00007fe74a708060 0000000794c7b7d0
0x000070000041fc90:   00000007809565d8 00007fe74a708060
0x000070000041fca0:   0000000794c7b7d0 0000000106bf0db0
0x000070000041fcb0:   00007fe74a708068 0000000106bf0db0
0x000070000041fcc0:   000070000041fd50 000000010688cb54
0x000070000041fcd0:   000070000041fd00 00007fe74a7080a0
0x000070000041fce0:   00007fe74a7080e8 00007fe74a708120
0x000070000041fcf0:   00000007c00513f8 00000007c0051400
0x000070000041fd00:   0000000794c7b7d0 00000001066a849b
0x000070000041fd10:   000070000041fd50 00000007827e8190
0x000070000041fd20:   0000000000000000 0000000000000001
0x000070000041fd30:   000070000041fd80 0000000106bf0db0
0x000070000041fd40:   00007fe74a708060 000070000041fd6c
0x000070000041fd50:   000070000041fdb0 00000001068805e7
0x000070000041fd60:   00007fe74d921470 7d1345bc066617a7
0x000070000041fd70:   000000078949de20 0000000000000200
0x000070000041fd80:   00000007827e8190 00007fe74a818000
0x000070000041fd90:   0000000000000000 00000001069d1c96
0x000070000041fda0:   00007fe74d921470 0000000000000001
0x000070000041fdb0:   000070000041fe90 0000000106661cad
0x000070000041fdc0:   000070000041fdf0 00007fe74a41de00
0x000070000041fdd0:   00007fe74a41de30 00007fe74a41de40
0x000070000041fde0:   00007fe74a41e218 00000000000003d8
0x000070000041fdf0:   00007fe74a818000 00007fe74a41e220
0x000070000041fe00:   00007fe74a41e250 00007fe74a41e260
0x000070000041fe10:   00007fe74a41e338 00000000000000d8
0x000070000041fe20:   000070000041fe30 0000000000000000
0x000070000041fe30:   00007fe74a818000 00007fe74a41e220
0x000070000041fe40:   00007fe74a41e250 00007fe74a41e260 

Instructions: (pc=0x00000001066ab7b4)
0x00000001066ab794:   10 48 c1 ea 03 48 8d 0d a8 a3 52 00 8a 09 48 d3
0x00000001066ab7a4:   ea 48 89 d1 48 83 e1 c0 48 c1 e9 03 48 8b 40 30
0x00000001066ab7b4:   48 8b 04 08 48 0f a3 d0 72 5d 4c 89 f7 e8 52 20
0x00000001066ab7c4:   f2 ff 4c 63 f8 48 8d 3d 60 0b 5f 00 4c 89 f6 4c 

Register to memory mapping:

RAX=0x0000000116a32000 is an unknown value
RBX=0x00007fe74a708060 is an unknown value
RCX=0x03ffffffe6000000 is an unknown value
RDX=0x1fffffff30000000 is an unknown value
RSP=0x000070000041fc50 is an unknown value
RBP=0x000070000041fc70 is an unknown value
RSI=0x0000000794c7b7e4 is pointing into object: 0x0000000794c7b7d0
com.android.dx.rop.code.SourcePosition 
 - klass: 'com/android/dx/rop/code/SourcePosition'
RDI=0x00007fe74a708060 is an unknown value
R8 =0x0000000000000298 is an unknown value
R9 =0x00000000000004d5 is an unknown value
R10=0x0040000200040001 is an unknown value
R11=0x0400000000000000 is an unknown value
R12=0x0000000794c7b7e4 is pointing into object: 0x0000000794c7b7d0
com.android.dx.rop.code.SourcePosition 
 - klass: 'com/android/dx/rop/code/SourcePosition'
R13=0x0000000794c7b7e8 is an oop
com.android.dx.dex.code.LocalSnapshot 
 - klass: 'com/android/dx/dex/code/LocalSnapshot'
R14=0x0000000100000000 is an unknown value
R15=0x00000007c007c7e0 is pointing into metadata


Stack: [0x0000700000320000,0x0000700000420000],  sp=0x000070000041fc50,  free space=1023k
Native frames: (J=compiled Java code, j=interpreted, Vv=VM code, C=native code)
V  [libjvm.dylib+0x2ab7b4]
V  [libjvm.dylib+0x2a849b]
V  [libjvm.dylib+0x48cb54]
V  [libjvm.dylib+0x4805e7]
V  [libjvm.dylib+0x261cad]
V  [libjvm.dylib+0x45d35a]
C  [libsystem_pthread.dylib+0x3c13]  _pthread_body+0x83
C  [libsystem_pthread.dylib+0x3b90]  _pthread_body+0x0
C  [libsystem_pthread.dylib+0x1375]  thread_start+0xd


---------------  P R O C E S S  ---------------

Java Threads: ( => current thread )
  0x00007fe74a86d000 JavaThread "Service Thread" daemon [_thread_blocked, id=18947, stack(0x0000700000ec7000,0x0000700000fc7000)]
  0x00007fe74b846000 JavaThread "C1 CompilerThread2" daemon [_thread_blocked, id=18435, stack(0x0000700000dc4000,0x0000700000ec4000)]
  0x00007fe74a842000 JavaThread "C2 CompilerThread1" daemon [_thread_blocked, id=17923, stack(0x0000700000cc1000,0x0000700000dc1000)]
  0x00007fe74a840800 JavaThread "C2 CompilerThread0" daemon [_thread_blocked, id=17411, stack(0x0000700000bbe000,0x0000700000cbe000)]
  0x00007fe74a83f800 JavaThread "Signal Dispatcher" daemon [_thread_blocked, id=16659, stack(0x0000700000abb000,0x0000700000bbb000)]
  0x00007fe74b009800 JavaThread "Finalizer" daemon [_thread_blocked, id=12291, stack(0x000070000082f000,0x000070000092f000)]
  0x00007fe74a825000 JavaThread "Reference Handler" daemon [_thread_blocked, id=11779, stack(0x000070000072c000,0x000070000082c000)]
  0x00007fe74a804000 JavaThread "main" [_thread_blocked, id=5891, stack(0x000070000011a000,0x000070000021a000)]

Other Threads:
  0x00007fe74b844800 VMThread [stack: 0x0000700000629000,0x0000700000729000] [id=11267]
  0x00007fe74a86d800 WatcherThread [stack: 0x0000700000fca000,0x00007000010ca000] [id=19459]

=>0x00007fe74a818000 (exited) GCTaskThread [stack: 0x0000700000320000,0x0000700000420000] [id=9731]

VM state:at safepoint (normal execution)

VM Mutex/Monitor currently owned by a thread:  ([mutex/lock_event])
[0x00007fe74a603860] Threads_lock - owner thread: 0x00007fe74b844800
[0x00007fe74a603d60] Heap_lock - owner thread: 0x00007fe74a804000

Heap:
 PSYoungGen      total 232960K, used 116736K [0x00000007aab00000, 0x00000007c0000000, 0x00000007c0000000)
  eden space 116736K, 100% used [0x00000007aab00000,0x00000007b1d00000,0x00000007b1d00000)
  from space 116224K, 0% used [0x00000007b1d00000,0x00000007b1d00000,0x00000007b8e80000)
  to   space 116224K, 0% used [0x00000007b8e80000,0x00000007b8e80000,0x00000007c0000000)
 ParOldGen       total 699392K, used 681406K [0x0000000780000000, 0x00000007aab00000, 0x00000007aab00000)
  object space 699392K, 97% used [0x0000000780000000,0x00000007a996fbf8,0x00000007aab00000)
 Metaspace       used 6315K, capacity 7216K, committed 7296K, reserved 1056768K
  class space    used 592K, capacity 616K, committed 640K, reserved 1048576K

Card table byte_map: [0x00000001166db000,0x00000001168dc000] byte_map_base: 0x0000000112adb000

Marking Bits: (ParMarkBitMap*) 0x0000000106c9c330
 Begin Bits: [0x0000000116a32000, 0x0000000117a32000)
 End Bits:   [0x0000000117a32000, 0x0000000118a32000)

Polling page: 0x0000000105ac4000

CodeCache: size=245760Kb used=11687Kb max_used=12103Kb free=234072Kb
 bounds [0x000000010731b000, 0x0000000107f2b000, 0x000000011631b000]
 total_blobs=2537 nmethods=2275 adapters=176
 compilation: enabled

Compilation events (10 events):
Event: 50.179 Thread 0x00007fe74a840800 nmethod 2642 0x00000001076c5f90 code [0x00000001076c6100, 0x00000001076c6698]
Event: 50.179 Thread 0x00007fe74a840800 2643   !   4       java.lang.ref.Finalizer::runFinalizer (62 bytes)
Event: 50.186 Thread 0x00007fe74a840800 nmethod 2643 0x00000001075f82d0 code [0x00000001075f8440, 0x00000001075f8a18]
Event: 52.435 Thread 0x00007fe74a842000 nmethod 1927 0x0000000107f03290 code [0x0000000107f03d60, 0x0000000107f0f290]
Event: 52.483 Thread 0x00007fe74b846000 2644       3       com.android.dx.rop.code.Rops::opAnd (21 bytes)
Event: 52.483 Thread 0x00007fe74b846000 nmethod 2644 0x0000000107ee0d10 code [0x0000000107ee0e80, 0x0000000107ee1048]
Event: 57.215 Thread 0x00007fe74b846000 2645       3       com.android.dx.rop.code.Rops::pickIf (154 bytes)
Event: 57.216 Thread 0x00007fe74b846000 nmethod 2645 0x00000001076de050 code [0x00000001076de2e0, 0x00000001076df418]
Event: 57.630 Thread 0x00007fe74b846000 2646       3       com.android.dx.cf.direct.DirectClassFile::makeTypeList (47 bytes)
Event: 57.630 Thread 0x00007fe74b846000 nmethod 2646 0x00000001075f7cd0 code [0x00000001075f7e60, 0x00000001075f8198]

GC Heap History (10 events):
Event: 46.500 GC heap after
Heap after GC invocations=40 (full 4):
 PSYoungGen      total 232960K, used 69089K [0x00000007aab00000, 0x00000007c0000000, 0x00000007c0000000)
  eden space 116736K, 0% used [0x00000007aab00000,0x00000007aab00000,0x00000007b1d00000)
  from space 116224K, 59% used [0x00000007b8e80000,0x00000007bd1f8418,0x00000007c0000000)
  to   space 116224K, 0% used [0x00000007b1d00000,0x00000007b1d00000,0x00000007b8e80000)
 ParOldGen       total 686592K, used 598245K [0x0000000780000000, 0x00000007a9e80000, 0x00000007aab00000)
  object space 686592K, 87% used [0x0000000780000000,0x00000007a4839400,0x00000007a9e80000)
 Metaspace       used 6315K, capacity 7216K, committed 7296K, reserved 1056768K
  class space    used 592K, capacity 616K, committed 640K, reserved 1048576K
}
Event: 47.027 GC heap before
{Heap before GC invocations=41 (full 4):
 PSYoungGen      total 232960K, used 185825K [0x00000007aab00000, 0x00000007c0000000, 0x00000007c0000000)
  eden space 116736K, 100% used [0x00000007aab00000,0x00000007b1d00000,0x00000007b1d00000)
  from space 116224K, 59% used [0x00000007b8e80000,0x00000007bd1f8418,0x00000007c0000000)
  to   space 116224K, 0% used [0x00000007b1d00000,0x00000007b1d00000,0x00000007b8e80000)
 ParOldGen       total 686592K, used 598245K [0x0000000780000000, 0x00000007a9e80000, 0x00000007aab00000)
  object space 686592K, 87% used [0x0000000780000000,0x00000007a4839400,0x00000007a9e80000)
 Metaspace       used 6315K, capacity 7216K, committed 7296K, reserved 1056768K
  class space    used 592K, capacity 616K, committed 640K, reserved 1048576K
Event: 47.221 GC heap after
Heap after GC invocations=41 (full 4):
 PSYoungGen      total 232960K, used 37135K [0x00000007aab00000, 0x00000007c0000000, 0x00000007c0000000)
  eden space 116736K, 0% used [0x00000007aab00000,0x00000007aab00000,0x00000007b1d00000)
  from space 116224K, 31% used [0x00000007b1d00000,0x00000007b4143dc8,0x00000007b8e80000)
  to   space 116224K, 0% used [0x00000007b8e80000,0x00000007b8e80000,0x00000007c0000000)
 ParOldGen       total 686592K, used 639143K [0x0000000780000000, 0x00000007a9e80000, 0x00000007aab00000)
  object space 686592K, 93% used [0x0000000780000000,0x00000007a7029ea0,0x00000007a9e80000)
 Metaspace       used 6315K, capacity 7216K, committed 7296K, reserved 1056768K
  class space    used 592K, capacity 616K, committed 640K, reserved 1048576K
}
Event: 47.221 GC heap before
{Heap before GC invocations=42 (full 5):
 PSYoungGen      total 232960K, used 37135K [0x00000007aab00000, 0x00000007c0000000, 0x00000007c0000000)
  eden space 116736K, 0% used [0x00000007aab00000,0x00000007aab00000,0x00000007b1d00000)
  from space 116224K, 31% used [0x00000007b1d00000,0x00000007b4143dc8,0x00000007b8e80000)
  to   space 116224K, 0% used [0x00000007b8e80000,0x00000007b8e80000,0x00000007c0000000)
 ParOldGen       total 686592K, used 639143K [0x0000000780000000, 0x00000007a9e80000, 0x00000007aab00000)
  object space 686592K, 93% used [0x0000000780000000,0x00000007a7029ea0,0x00000007a9e80000)
 Metaspace       used 6315K, capacity 7216K, committed 7296K, reserved 1056768K
  class space    used 592K, capacity 616K, committed 640K, reserved 1048576K
Event: 50.141 GC heap after
Heap after GC invocations=42 (full 5):
 PSYoungGen      total 232960K, used 0K [0x00000007aab00000, 0x00000007c0000000, 0x00000007c0000000)
  eden space 116736K, 0% used [0x00000007aab00000,0x00000007aab00000,0x00000007b1d00000)
  from space 116224K, 0% used [0x00000007b1d00000,0x00000007b1d00000,0x00000007b8e80000)
  to   space 116224K, 0% used [0x00000007b8e80000,0x00000007b8e80000,0x00000007c0000000)
 ParOldGen       total 699392K, used 671092K [0x0000000780000000, 0x00000007aab00000, 0x00000007aab00000)
  object space 699392K, 95% used [0x0000000780000000,0x00000007a8f5d228,0x00000007aab00000)
 Metaspace       used 6315K, capacity 7216K, committed 7296K, reserved 1056768K
  class space    used 592K, capacity 616K, committed 640K, reserved 1048576K
}
Event: 50.536 GC heap before
{Heap before GC invocations=43 (full 6):
 PSYoungGen      total 232960K, used 116736K [0x00000007aab00000, 0x00000007c0000000, 0x00000007c0000000)
  eden space 116736K, 100% used [0x00000007aab00000,0x00000007b1d00000,0x00000007b1d00000)
  from space 116224K, 0% used [0x00000007b1d00000,0x00000007b1d00000,0x00000007b8e80000)
  to   space 116224K, 0% used [0x00000007b8e80000,0x00000007b8e80000,0x00000007c0000000)
 ParOldGen       total 699392K, used 671092K [0x0000000780000000, 0x00000007aab00000, 0x00000007aab00000)
  object space 699392K, 95% used [0x0000000780000000,0x00000007a8f5d228,0x00000007aab00000)
 Metaspace       used 6315K, capacity 7216K, committed 7296K, reserved 1056768K
  class space    used 592K, capacity 616K, committed 640K, reserved 1048576K
Event: 52.411 GC heap after
Heap after GC invocations=43 (full 6):
 PSYoungGen      total 232960K, used 0K [0x00000007aab00000, 0x00000007c0000000, 0x00000007c0000000)
  eden space 116736K, 0% used [0x00000007aab00000,0x00000007aab00000,0x00000007b1d00000)
  from space 116224K, 0% used [0x00000007b1d00000,0x00000007b1d00000,0x00000007b8e80000)
  to   space 116224K, 0% used [0x00000007b8e80000,0x00000007b8e80000,0x00000007c0000000)
 ParOldGen       total 699392K, used 673968K [0x0000000780000000, 0x00000007aab00000, 0x00000007aab00000)
  object space 699392K, 96% used [0x0000000780000000,0x00000007a922c3d0,0x00000007aab00000)
 Metaspace       used 6315K, capacity 7216K, committed 7296K, reserved 1056768K
  class space    used 592K, capacity 616K, committed 640K, reserved 1048576K
}
Event: 52.966 GC heap before
{Heap before GC invocations=44 (full 7):
 PSYoungGen      total 232960K, used 116736K [0x00000007aab00000, 0x00000007c0000000, 0x00000007c0000000)
  eden space 116736K, 100% used [0x00000007aab00000,0x00000007b1d00000,0x00000007b1d00000)
  from space 116224K, 0% used [0x00000007b1d00000,0x00000007b1d00000,0x00000007b8e80000)
  to   space 116224K, 0% used [0x00000007b8e80000,0x00000007b8e80000,0x00000007c0000000)
 ParOldGen       total 699392K, used 673968K [0x0000000780000000, 0x00000007aab00000, 0x00000007aab00000)
  object space 699392K, 96% used [0x0000000780000000,0x00000007a922c3d0,0x00000007aab00000)
 Metaspace       used 6315K, capacity 7216K, committed 7296K, reserved 1056768K
  class space    used 592K, capacity 616K, committed 640K, reserved 1048576K
Event: 57.214 GC heap after
Heap after GC invocations=44 (full 7):
 PSYoungGen      total 232960K, used 0K [0x00000007aab00000, 0x00000007c0000000, 0x00000007c0000000)
  eden space 116736K, 0% used [0x00000007aab00000,0x00000007aab00000,0x00000007b1d00000)
  from space 116224K, 0% used [0x00000007b1d00000,0x00000007b1d00000,0x00000007b8e80000)
  to   space 116224K, 0% used [0x00000007b8e80000,0x00000007b8e80000,0x00000007c0000000)
 ParOldGen       total 699392K, used 681406K [0x0000000780000000, 0x00000007aab00000, 0x00000007aab00000)
  object space 699392K, 97% used [0x0000000780000000,0x00000007a996fbf8,0x00000007aab00000)
 Metaspace       used 6315K, capacity 7216K, committed 7296K, reserved 1056768K
  class space    used 592K, capacity 616K, committed 640K, reserved 1048576K
}
Event: 57.631 GC heap before
{Heap before GC invocations=45 (full 8):
 PSYoungGen      total 232960K, used 116736K [0x00000007aab00000, 0x00000007c0000000, 0x00000007c0000000)
  eden space 116736K, 100% used [0x00000007aab00000,0x00000007b1d00000,0x00000007b1d00000)
  from space 116224K, 0% used [0x00000007b1d00000,0x00000007b1d00000,0x00000007b8e80000)
  to   space 116224K, 0% used [0x00000007b8e80000,0x00000007b8e80000,0x00000007c0000000)
 ParOldGen       total 699392K, used 681406K [0x0000000780000000, 0x00000007aab00000, 0x00000007aab00000)
  object space 699392K, 97% used [0x0000000780000000,0x00000007a996fbf8,0x00000007aab00000)
 Metaspace       used 6315K, capacity 7216K, committed 7296K, reserved 1056768K
  class space    used 592K, capacity 616K, committed 640K, reserved 1048576K

Deoptimization events (10 events):
Event: 32.632 Thread 0x00007fe74a804000 Uncommon trap: reason=class_check action=maybe_recompile pc=0x0000000107777e00 method=com.android.dx.ssa.back.InterferenceGraph.add(II)V @ 19
Event: 32.632 Thread 0x00007fe74a804000 Uncommon trap: reason=class_check action=maybe_recompile pc=0x0000000107777e00 method=com.android.dx.ssa.back.InterferenceGraph.add(II)V @ 19
Event: 32.632 Thread 0x00007fe74a804000 Uncommon trap: reason=class_check action=maybe_recompile pc=0x0000000107777e00 method=com.android.dx.ssa.back.InterferenceGraph.add(II)V @ 19
Event: 33.015 Thread 0x00007fe74a804000 Uncommon trap: reason=class_check action=maybe_recompile pc=0x0000000107475fac method=com.android.dx.ssa.back.InterferenceGraph.mergeInterferenceSet(ILcom/android/dx/util/IntSet;)V @ 20
Event: 33.016 Thread 0x00007fe74a804000 Uncommon trap: reason=class_check action=maybe_recompile pc=0x0000000107475fac method=com.android.dx.ssa.back.InterferenceGraph.mergeInterferenceSet(ILcom/android/dx/util/IntSet;)V @ 20
Event: 33.017 Thread 0x00007fe74a804000 Uncommon trap: reason=class_check action=maybe_recompile pc=0x0000000107475fac method=com.android.dx.ssa.back.InterferenceGraph.mergeInterferenceSet(ILcom/android/dx/util/IntSet;)V @ 20
Event: 33.018 Thread 0x00007fe74a804000 Uncommon trap: reason=class_check action=maybe_recompile pc=0x0000000107475fac method=com.android.dx.ssa.back.InterferenceGraph.mergeInterferenceSet(ILcom/android/dx/util/IntSet;)V @ 20
Event: 33.030 Thread 0x00007fe74a804000 Uncommon trap: reason=class_check action=maybe_recompile pc=0x0000000107ce1994 method=com.android.dx.ssa.back.InterferenceGraph.mergeInterferenceSet(ILcom/android/dx/util/IntSet;)V @ 20
Event: 39.447 Thread 0x00007fe74a804000 Uncommon trap: reason=unreached action=reinterpret pc=0x0000000107daa6f0 method=java.util.HashMap$TreeNode.find(ILjava/lang/Object;Ljava/lang/Class;)Ljava/util/HashMap$TreeNode; @ 58
Event: 45.816 Thread 0x00007fe74a804000 Uncommon trap: reason=class_check action=maybe_recompile pc=0x0000000107d97c04 method=com.android.dx.ssa.back.InterferenceGraph.mergeInterferenceSet(ILcom/android/dx/util/IntSet;)V @ 20

Internal exceptions (10 events):
Event: 3.025 Thread 0x00007fe74a804000 Exception <a 'java/security/PrivilegedActionException'> (0x00000007ab501948) thrown at [/HUDSON3/workspace/8-2-build-macosx-x86_64/jdk8u20/1074/hotspot/src/share/vm/prims/jvm.cpp, line 1275]
Event: 3.073 Thread 0x00007fe74a804000 Implicit null exception at 0x000000010795aae6 to 0x000000010795ce15
Event: 4.089 Thread 0x00007fe74a804000 Exception <a 'java/security/PrivilegedActionException'> (0x00000007ae850b30) thrown at [/HUDSON3/workspace/8-2-build-macosx-x86_64/jdk8u20/1074/hotspot/src/share/vm/prims/jvm.cpp, line 1275]
Event: 16.118 Thread 0x00007fe74a804000 Exception <a 'java/security/PrivilegedActionException'> (0x00000007b68d3fd8) thrown at [/HUDSON3/workspace/8-2-build-macosx-x86_64/jdk8u20/1074/hotspot/src/share/vm/prims/jvm.cpp, line 1275]
Event: 16.515 Thread 0x00007fe74a804000 Exception <a 'java/security/PrivilegedActionException'> (0x00000007ac5a2d78) thrown at [/HUDSON3/workspace/8-2-build-macosx-x86_64/jdk8u20/1074/hotspot/src/share/vm/prims/jvm.cpp, line 1275]
Event: 17.738 Thread 0x00007fe74a804000 Exception <a 'java/security/PrivilegedActionException'> (0x00000007b5d86540) thrown at [/HUDSON3/workspace/8-2-build-macosx-x86_64/jdk8u20/1074/hotspot/src/share/vm/prims/jvm.cpp, line 1275]
Event: 20.181 Thread 0x00007fe74a804000 Exception <a 'java/security/PrivilegedActionException'> (0x00000007b18f27a8) thrown at [/HUDSON3/workspace/8-2-build-macosx-x86_64/jdk8u20/1074/hotspot/src/share/vm/prims/jvm.cpp, line 1275]
Event: 20.189 Thread 0x00007fe74a804000 Exception <a 'java/security/PrivilegedActionException'> (0x00000007b1952180) thrown at [/HUDSON3/workspace/8-2-build-macosx-x86_64/jdk8u20/1074/hotspot/src/share/vm/prims/jvm.cpp, line 1275]
Event: 28.594 Thread 0x00007fe74a804000 Exception <a 'java/security/PrivilegedActionException'> (0x00000007ac0222a8) thrown at [/HUDSON3/workspace/8-2-build-macosx-x86_64/jdk8u20/1074/hotspot/src/share/vm/prims/jvm.cpp, line 1275]
Event: 30.196 Thread 0x00007fe74a804000 Exception <a 'java/security/PrivilegedActionException'> (0x00000007b0a38d48) thrown at [/HUDSON3/workspace/8-2-build-macosx-x86_64/jdk8u20/1074/hotspot/src/share/vm/prims/jvm.cpp, line 1275]

Events (10 events):
Event: 45.816 Thread 0x00007fe74a804000 DEOPT UNPACKING pc=0x000000010731ff69 sp=0x0000700000218a20 mode 2
Event: 46.232 Executing VM operation: ParallelGCFailedAllocation
Event: 46.500 Executing VM operation: ParallelGCFailedAllocation done
Event: 47.027 Executing VM operation: ParallelGCFailedAllocation
Event: 50.141 Executing VM operation: ParallelGCFailedAllocation done
Event: 50.536 Executing VM operation: ParallelGCFailedAllocation
Event: 52.411 Executing VM operation: ParallelGCFailedAllocation done
Event: 52.966 Executing VM operation: ParallelGCFailedAllocation
Event: 57.214 Executing VM operation: ParallelGCFailedAllocation done
Event: 57.631 Executing VM operation: ParallelGCFailedAllocation


Dynamic libraries:
0x0000000009456000 	/System/Library/Frameworks/Cocoa.framework/Versions/A/Cocoa
0x0000000009456000 	/System/Library/Frameworks/Security.framework/Versions/A/Security
0x0000000009456000 	/System/Library/Frameworks/ApplicationServices.framework/Versions/A/ApplicationServices
0x0000000009456000 	/usr/lib/libz.1.dylib
0x0000000009456000 	/usr/lib/libSystem.B.dylib
0x0000000009456000 	/usr/lib/libobjc.A.dylib
0x0000000009456000 	/System/Library/Frameworks/CoreFoundation.framework/Versions/A/CoreFoundation
0x0000000009456000 	/System/Library/Frameworks/Foundation.framework/Versions/C/Foundation
0x0000000009456000 	/System/Library/Frameworks/AppKit.framework/Versions/C/AppKit
0x0000000009456000 	/System/Library/Frameworks/CoreData.framework/Versions/A/CoreData
0x0000000009456000 	/System/Library/PrivateFrameworks/RemoteViewServices.framework/Versions/A/RemoteViewServices
0x0000000009456000 	/System/Library/PrivateFrameworks/UIFoundation.framework/Versions/A/UIFoundation
0x0000000009456000 	/usr/lib/libScreenReader.dylib
0x0000000009456000 	/System/Library/Frameworks/Accelerate.framework/Versions/A/Accelerate
0x0000000009456000 	/System/Library/Frameworks/IOSurface.framework/Versions/A/IOSurface
0x0000000009456000 	/System/Library/Frameworks/AudioToolbox.framework/Versions/A/AudioToolbox
0x0000000009456000 	/System/Library/Frameworks/AudioUnit.framework/Versions/A/AudioUnit
0x0000000009456000 	/System/Library/PrivateFrameworks/DataDetectorsCore.framework/Versions/A/DataDetectorsCore
0x0000000009456000 	/System/Library/PrivateFrameworks/DesktopServicesPriv.framework/Versions/A/DesktopServicesPriv
0x0000000009456000 	/System/Library/Frameworks/Carbon.framework/Versions/A/Frameworks/HIToolbox.framework/Versions/A/HIToolbox
0x0000000009456000 	/System/Library/Frameworks/QuartzCore.framework/Versions/A/QuartzCore
0x0000000009456000 	/System/Library/Frameworks/Carbon.framework/Versions/A/Frameworks/SpeechRecognition.framework/Versions/A/SpeechRecognition
0x0000000009456000 	/usr/lib/libauto.dylib
0x0000000009456000 	/usr/lib/libicucore.A.dylib
0x0000000009456000 	/usr/lib/libxml2.2.dylib
0x0000000009456000 	/System/Library/PrivateFrameworks/CoreUI.framework/Versions/A/CoreUI
0x0000000009456000 	/System/Library/Frameworks/CoreAudio.framework/Versions/A/CoreAudio
0x0000000009456000 	/System/Library/Frameworks/DiskArbitration.framework/Versions/A/DiskArbitration
0x0000000009456000 	/usr/lib/liblangid.dylib
0x0000000009456000 	/System/Library/PrivateFrameworks/MultitouchSupport.framework/Versions/A/MultitouchSupport
0x0000000009456000 	/System/Library/Frameworks/IOKit.framework/Versions/A/IOKit
0x0000000009456000 	/usr/lib/libDiagnosticMessagesClient.dylib
0x0000000009456000 	/System/Library/Frameworks/CoreServices.framework/Versions/A/CoreServices
0x0000000009456000 	/System/Library/PrivateFrameworks/PerformanceAnalysis.framework/Versions/A/PerformanceAnalysis
0x0000000009456000 	/System/Library/PrivateFrameworks/GenerationalStorage.framework/Versions/A/GenerationalStorage
0x0000000009456000 	/System/Library/Frameworks/OpenGL.framework/Versions/A/OpenGL
0x0000000009456000 	/System/Library/PrivateFrameworks/Sharing.framework/Versions/A/Sharing
0x0000000009456000 	/System/Library/Frameworks/CoreGraphics.framework/Versions/A/CoreGraphics
0x0000000009456000 	/System/Library/Frameworks/CoreImage.framework/Versions/A/CoreImage
0x0000000009456000 	/System/Library/Frameworks/CoreText.framework/Versions/A/CoreText
0x0000000009456000 	/System/Library/Frameworks/ImageIO.framework/Versions/A/ImageIO
0x0000000009456000 	/System/Library/PrivateFrameworks/Backup.framework/Versions/A/Backup
0x0000000009456000 	/usr/lib/libextension.dylib
0x0000000009456000 	/usr/lib/libarchive.2.dylib
0x0000000009456000 	/System/Library/Frameworks/CFNetwork.framework/Versions/A/CFNetwork
0x0000000009456000 	/System/Library/Frameworks/SystemConfiguration.framework/Versions/A/SystemConfiguration
0x0000000009456000 	/usr/lib/libCRFSuite.dylib
0x0000000009456000 	/usr/lib/libc++.1.dylib
0x0000000009456000 	/usr/lib/libc++abi.dylib
0x0000000009456000 	/usr/lib/system/libcache.dylib
0x0000000009456000 	/usr/lib/system/libcommonCrypto.dylib
0x0000000009456000 	/usr/lib/system/libcompiler_rt.dylib
0x0000000009456000 	/usr/lib/system/libcopyfile.dylib
0x0000000009456000 	/usr/lib/system/libcorecrypto.dylib
0x0000000009456000 	/usr/lib/system/libdispatch.dylib
0x0000000009456000 	/usr/lib/system/libdyld.dylib
0x0000000009456000 	/usr/lib/system/libkeymgr.dylib
0x0000000009456000 	/usr/lib/system/liblaunch.dylib
0x0000000009456000 	/usr/lib/system/libmacho.dylib
0x0000000009456000 	/usr/lib/system/libquarantine.dylib
0x0000000009456000 	/usr/lib/system/libremovefile.dylib
0x0000000009456000 	/usr/lib/system/libsystem_asl.dylib
0x0000000009456000 	/usr/lib/system/libsystem_blocks.dylib
0x0000000009456000 	/usr/lib/system/libsystem_c.dylib
0x0000000009456000 	/usr/lib/system/libsystem_configuration.dylib
0x0000000009456000 	/usr/lib/system/libsystem_coreservices.dylib
0x0000000009456000 	/usr/lib/system/libsystem_coretls.dylib
0x0000000009456000 	/usr/lib/system/libsystem_dnssd.dylib
0x0000000009456000 	/usr/lib/system/libsystem_info.dylib
0x0000000009456000 	/usr/lib/system/libsystem_kernel.dylib
0x0000000009456000 	/usr/lib/system/libsystem_m.dylib
0x0000000009456000 	/usr/lib/system/libsystem_malloc.dylib
0x0000000009456000 	/usr/lib/system/libsystem_network.dylib
0x0000000009456000 	/usr/lib/system/libsystem_networkextension.dylib
0x0000000009456000 	/usr/lib/system/libsystem_notify.dylib
0x0000000009456000 	/usr/lib/system/libsystem_platform.dylib
0x0000000009456000 	/usr/lib/system/libsystem_pthread.dylib
0x0000000009456000 	/usr/lib/system/libsystem_sandbox.dylib
0x0000000009456000 	/usr/lib/system/libsystem_secinit.dylib
0x0000000009456000 	/usr/lib/system/libsystem_trace.dylib
0x0000000009456000 	/usr/lib/system/libunc.dylib
0x0000000009456000 	/usr/lib/system/libunwind.dylib
0x0000000009456000 	/usr/lib/system/libxpc.dylib
0x0000000009456000 	/usr/lib/libenergytrace.dylib
0x0000000009456000 	/usr/lib/libbsm.0.dylib
0x0000000009456000 	/usr/lib/system/libkxld.dylib
0x0000000009456000 	/usr/lib/libxar.1.dylib
0x0000000009456000 	/usr/lib/libsqlite3.dylib
0x0000000009456000 	/usr/lib/libpam.2.dylib
0x0000000009456000 	/usr/lib/libOpenScriptingUtil.dylib
0x0000000009456000 	/usr/lib/libbz2.1.0.dylib
0x0000000009456000 	/usr/lib/liblzma.5.dylib
0x0000000009456000 	/System/Library/Frameworks/CoreServices.framework/Versions/A/Frameworks/FSEvents.framework/Versions/A/FSEvents
0x0000000009456000 	/System/Library/Frameworks/CoreServices.framework/Versions/A/Frameworks/CarbonCore.framework/Versions/A/CarbonCore
0x0000000009456000 	/System/Library/Frameworks/CoreServices.framework/Versions/A/Frameworks/Metadata.framework/Versions/A/Metadata
0x0000000009456000 	/System/Library/Frameworks/CoreServices.framework/Versions/A/Frameworks/OSServices.framework/Versions/A/OSServices
0x0000000009456000 	/System/Library/Frameworks/CoreServices.framework/Versions/A/Frameworks/SearchKit.framework/Versions/A/SearchKit
0x0000000009456000 	/System/Library/Frameworks/CoreServices.framework/Versions/A/Frameworks/AE.framework/Versions/A/AE
0x0000000009456000 	/System/Library/Frameworks/CoreServices.framework/Versions/A/Frameworks/LaunchServices.framework/Versions/A/LaunchServices
0x0000000009456000 	/System/Library/Frameworks/CoreServices.framework/Versions/A/Frameworks/DictionaryServices.framework/Versions/A/DictionaryServices
0x0000000009456000 	/System/Library/Frameworks/CoreServices.framework/Versions/A/Frameworks/SharedFileList.framework/Versions/A/SharedFileList
0x0000000009456000 	/System/Library/Frameworks/NetFS.framework/Versions/A/NetFS
0x0000000009456000 	/System/Library/PrivateFrameworks/NetAuth.framework/Versions/A/NetAuth
0x0000000009456000 	/System/Library/PrivateFrameworks/login.framework/Versions/A/Frameworks/loginsupport.framework/Versions/A/loginsupport
0x0000000009456000 	/System/Library/PrivateFrameworks/TCC.framework/Versions/A/TCC
0x0000000009456000 	/usr/lib/libmecabra.dylib
0x0000000009456000 	/System/Library/Frameworks/ApplicationServices.framework/Versions/A/Frameworks/ATS.framework/Versions/A/ATS
0x0000000009456000 	/System/Library/Frameworks/ApplicationServices.framework/Versions/A/Frameworks/ColorSync.framework/Versions/A/ColorSync
0x0000000009456000 	/System/Library/Frameworks/ApplicationServices.framework/Versions/A/Frameworks/HIServices.framework/Versions/A/HIServices
0x0000000009456000 	/System/Library/Frameworks/ApplicationServices.framework/Versions/A/Frameworks/LangAnalysis.framework/Versions/A/LangAnalysis
0x0000000009456000 	/System/Library/Frameworks/ApplicationServices.framework/Versions/A/Frameworks/PrintCore.framework/Versions/A/PrintCore
0x0000000009456000 	/System/Library/Frameworks/ApplicationServices.framework/Versions/A/Frameworks/QD.framework/Versions/A/QD
0x0000000009456000 	/System/Library/Frameworks/ApplicationServices.framework/Versions/A/Frameworks/SpeechSynthesis.framework/Versions/A/SpeechSynthesis
0x0000000009456000 	/System/Library/Frameworks/Metal.framework/Versions/A/Metal
0x0000000009456000 	/System/Library/Frameworks/Accelerate.framework/Versions/A/Frameworks/vImage.framework/Versions/A/vImage
0x0000000009456000 	/System/Library/Frameworks/Accelerate.framework/Versions/A/Frameworks/vecLib.framework/Versions/A/vecLib
0x0000000009456000 	/System/Library/Frameworks/Accelerate.framework/Versions/A/Frameworks/vecLib.framework/Versions/A/libvDSP.dylib
0x0000000009456000 	/System/Library/Frameworks/Accelerate.framework/Versions/A/Frameworks/vecLib.framework/Versions/A/libvMisc.dylib
0x0000000009456000 	/System/Library/Frameworks/Accelerate.framework/Versions/A/Frameworks/vecLib.framework/Versions/A/libLAPACK.dylib
0x0000000009456000 	/System/Library/Frameworks/Accelerate.framework/Versions/A/Frameworks/vecLib.framework/Versions/A/libBLAS.dylib
0x0000000009456000 	/System/Library/Frameworks/Accelerate.framework/Versions/A/Frameworks/vecLib.framework/Versions/A/libLinearAlgebra.dylib
0x0000000009456000 	/System/Library/Frameworks/Accelerate.framework/Versions/A/Frameworks/vecLib.framework/Versions/A/libSparseBLAS.dylib
0x0000000009456000 	/System/Library/PrivateFrameworks/GPUCompiler.framework/libmetal_timestamp.dylib
0x0000000009456000 	/System/Library/Frameworks/OpenGL.framework/Versions/A/Libraries/libCoreFSCache.dylib
0x0000000009456000 	/System/Library/PrivateFrameworks/IOAccelerator.framework/Versions/A/IOAccelerator
0x0000000009456000 	/System/Library/Frameworks/ApplicationServices.framework/Versions/A/Frameworks/ATS.framework/Versions/A/Resources/libFontParser.dylib
0x0000000009456000 	/System/Library/Frameworks/ApplicationServices.framework/Versions/A/Frameworks/ATS.framework/Versions/A/Resources/libFontRegistry.dylib
0x0000000009456000 	/System/Library/PrivateFrameworks/AppleVPA.framework/Versions/A/AppleVPA
0x0000000009456000 	/System/Library/PrivateFrameworks/AppleJPEG.framework/Versions/A/AppleJPEG
0x0000000009456000 	/System/Library/Frameworks/ImageIO.framework/Versions/A/Resources/libJPEG.dylib
0x0000000009456000 	/System/Library/Frameworks/ImageIO.framework/Versions/A/Resources/libTIFF.dylib
0x0000000009456000 	/System/Library/Frameworks/ImageIO.framework/Versions/A/Resources/libPng.dylib
0x0000000009456000 	/System/Library/Frameworks/ImageIO.framework/Versions/A/Resources/libGIF.dylib
0x0000000009456000 	/System/Library/Frameworks/ImageIO.framework/Versions/A/Resources/libJP2.dylib
0x0000000009456000 	/System/Library/Frameworks/ImageIO.framework/Versions/A/Resources/libRadiance.dylib
0x0000000009456000 	/System/Library/Frameworks/CoreVideo.framework/Versions/A/CoreVideo
0x0000000009456000 	/System/Library/Frameworks/OpenGL.framework/Versions/A/Libraries/libGLU.dylib
0x0000000009456000 	/System/Library/Frameworks/OpenGL.framework/Versions/A/Libraries/libGFXShared.dylib
0x0000000009456000 	/System/Library/Frameworks/OpenGL.framework/Versions/A/Libraries/libGL.dylib
0x0000000009456000 	/System/Library/Frameworks/OpenGL.framework/Versions/A/Libraries/libGLImage.dylib
0x0000000009456000 	/System/Library/Frameworks/OpenGL.framework/Versions/A/Libraries/libCVMSPluginSupport.dylib
0x0000000009456000 	/System/Library/Frameworks/OpenGL.framework/Versions/A/Libraries/libCoreVMClient.dylib
0x0000000009456000 	/usr/lib/libcups.2.dylib
0x0000000009456000 	/System/Library/Frameworks/Kerberos.framework/Versions/A/Kerberos
0x0000000009456000 	/System/Library/Frameworks/GSS.framework/Versions/A/GSS
0x0000000009456000 	/usr/lib/libresolv.9.dylib
0x0000000009456000 	/usr/lib/libiconv.2.dylib
0x0000000009456000 	/System/Library/PrivateFrameworks/Heimdal.framework/Versions/A/Heimdal
0x0000000009456000 	/usr/lib/libheimdal-asn1.dylib
0x0000000009456000 	/System/Library/Frameworks/OpenDirectory.framework/Versions/A/OpenDirectory
0x0000000009456000 	/System/Library/PrivateFrameworks/CommonAuth.framework/Versions/A/CommonAuth
0x0000000009456000 	/System/Library/Frameworks/OpenDirectory.framework/Versions/A/Frameworks/CFOpenDirectory.framework/Versions/A/CFOpenDirectory
0x0000000009456000 	/System/Library/Frameworks/SecurityFoundation.framework/Versions/A/SecurityFoundation
0x0000000009456000 	/System/Library/PrivateFrameworks/LanguageModeling.framework/Versions/A/LanguageModeling
0x0000000009456000 	/usr/lib/libmarisa.dylib
0x0000000009456000 	/usr/lib/libChineseTokenizer.dylib
0x0000000009456000 	/usr/lib/libcmph.dylib
0x0000000009456000 	/usr/lib/libcompression.dylib
0x0000000009456000 	/System/Library/Frameworks/ServiceManagement.framework/Versions/A/ServiceManagement
0x0000000009456000 	/usr/lib/libxslt.1.dylib
0x0000000009456000 	/System/Library/Frameworks/Carbon.framework/Versions/A/Frameworks/Ink.framework/Versions/A/Ink
0x0000000009456000 	/usr/lib/libFosl_dynamic.dylib
0x0000000009456000 	/System/Library/PrivateFrameworks/FaceCore.framework/Versions/A/FaceCore
0x0000000009456000 	/System/Library/Frameworks/OpenCL.framework/Versions/A/OpenCL
0x0000000009456000 	/System/Library/PrivateFrameworks/CrashReporterSupport.framework/Versions/A/CrashReporterSupport
0x0000000009456000 	/System/Library/PrivateFrameworks/IconServices.framework/Versions/A/IconServices
0x0000000009456000 	/System/Library/PrivateFrameworks/Apple80211.framework/Versions/A/Apple80211
0x0000000009456000 	/System/Library/Frameworks/CoreWLAN.framework/Versions/A/CoreWLAN
0x0000000009456000 	/System/Library/Frameworks/IOBluetooth.framework/Versions/A/IOBluetooth
0x0000000009456000 	/System/Library/PrivateFrameworks/CoreWiFi.framework/Versions/A/CoreWiFi
0x0000000009456000 	/System/Library/Frameworks/CoreBluetooth.framework/Versions/A/CoreBluetooth
0x0000000009456000 	/System/Library/PrivateFrameworks/ChunkingLibrary.framework/Versions/A/ChunkingLibrary
0x0000000009456000 	/System/Library/PrivateFrameworks/DebugSymbols.framework/Versions/A/DebugSymbols
0x0000000009456000 	/System/Library/PrivateFrameworks/CoreSymbolication.framework/Versions/A/CoreSymbolication
0x0000000009456000 	/System/Library/PrivateFrameworks/Symbolication.framework/Versions/A/Symbolication
0x0000000009456000 	/System/Library/PrivateFrameworks/SpeechRecognitionCore.framework/Versions/A/SpeechRecognitionCore
0x0000000106400000 	/Library/Java/JavaVirtualMachines/jdk1.8.0_20.jdk/Contents/Home/jre/lib/server/libjvm.dylib
0x0000000009456000 	/usr/lib/libstdc++.6.dylib
0x0000000105a82000 	/Library/Java/JavaVirtualMachines/jdk1.8.0_20.jdk/Contents/Home/jre/lib/libverify.dylib
0x0000000105a90000 	/Library/Java/JavaVirtualMachines/jdk1.8.0_20.jdk/Contents/Home/jre/lib/libjava.dylib
0x0000000105ace000 	/Library/Java/JavaVirtualMachines/jdk1.8.0_20.jdk/Contents/Home/jre/lib/libzip.dylib
0x0000000105be5000 	/System/Library/Frameworks/JavaVM.framework/Frameworks/JavaRuntimeSupport.framework/JavaRuntimeSupport
0x000000011a604000 	/System/Library/Frameworks/JavaVM.framework/Versions/A/Frameworks/JavaNativeFoundation.framework/Versions/A/JavaNativeFoundation
0x000000011a619000 	/System/Library/Frameworks/JavaVM.framework/Versions/A/JavaVM
0x0000000009456000 	/System/Library/Frameworks/Carbon.framework/Versions/A/Carbon
0x000000011a626000 	/System/Library/PrivateFrameworks/JavaLaunching.framework/Versions/A/JavaLaunching
0x0000000009456000 	/System/Library/Frameworks/Carbon.framework/Versions/A/Frameworks/CommonPanels.framework/Versions/A/CommonPanels
0x0000000009456000 	/System/Library/Frameworks/Carbon.framework/Versions/A/Frameworks/Help.framework/Versions/A/Help
0x0000000009456000 	/System/Library/Frameworks/Carbon.framework/Versions/A/Frameworks/ImageCapture.framework/Versions/A/ImageCapture
0x0000000009456000 	/System/Library/Frameworks/Carbon.framework/Versions/A/Frameworks/OpenScripting.framework/Versions/A/OpenScripting
0x0000000009456000 	/System/Library/Frameworks/Carbon.framework/Versions/A/Frameworks/Print.framework/Versions/A/Print
0x0000000009456000 	/System/Library/Frameworks/Carbon.framework/Versions/A/Frameworks/SecurityHI.framework/Versions/A/SecurityHI

VM Arguments:
jvm_args: -Djava.awt.headless=true -Xmx1024M -Dfile.encoding=UTF-8 -Duser.country=US -Duser.language=en -Duser.variant 
java_command: com.android.dx.command.Main --dex --multi-dex --main-dex-list /Users/avanticatechnologies/FBReaderJ2/FBReader/build/intermediates/multi-dex/alpha/debug/maindexlist.txt --output /Users/avanticatechnologies/FBReaderJ2/FBReader/build/intermediates/transforms/dex/alpha/debug/folders/1000/1f/main /Users/avanticatechnologies/FBReaderJ2/FBReader/build/intermediates/transforms/jarMerging/alpha/debug/jars/1/1f/combined.jar
java_class_path (initial): /Users/avanticatechnologies/Documents/adt-bundle-mac-x86_64-20140702/sdk/build-tools/22.0.1/lib/dx.jar
Launcher Type: SUN_STANDARD

Environment Variables:
PATH=/usr/bin:/bin:/usr/sbin:/sbin
SHELL=/bin/bash

Signal Handlers:
SIGSEGV: [libjvm.dylib+0x578fd7], sa_mask[0]=11111111011111110111111111111111, sa_flags=SA_ONSTACK|SA_RESTART|SA_SIGINFO
SIGBUS: [libjvm.dylib+0x578fd7], sa_mask[0]=11111111011111110111111111111111, sa_flags=SA_RESTART|SA_SIGINFO
SIGFPE: [libjvm.dylib+0x45ab0c], sa_mask[0]=11111111011111110111111111111111, sa_flags=SA_RESTART|SA_SIGINFO
SIGPIPE: [libjvm.dylib+0x45ab0c], sa_mask[0]=11111111011111110111111111111111, sa_flags=SA_RESTART|SA_SIGINFO
SIGXFSZ: [libjvm.dylib+0x45ab0c], sa_mask[0]=11111111011111110111111111111111, sa_flags=SA_RESTART|SA_SIGINFO
SIGILL: [libjvm.dylib+0x45ab0c], sa_mask[0]=11111111011111110111111111111111, sa_flags=SA_RESTART|SA_SIGINFO
SIGUSR1: SIG_DFL, sa_mask[0]=00000000000000000000000000000000, sa_flags=none
SIGUSR2: [libjvm.dylib+0x45a62a], sa_mask[0]=00100000000000000000000000000000, sa_flags=SA_RESTART|SA_SIGINFO
SIGHUP: [libjvm.dylib+0x458bfd], sa_mask[0]=11111111011111110111111111111111, sa_flags=SA_RESTART|SA_SIGINFO
SIGINT: [libjvm.dylib+0x458bfd], sa_mask[0]=11111111011111110111111111111111, sa_flags=SA_RESTART|SA_SIGINFO
SIGTERM: [libjvm.dylib+0x458bfd], sa_mask[0]=11111111011111110111111111111111, sa_flags=SA_RESTART|SA_SIGINFO
SIGQUIT: [libjvm.dylib+0x458bfd], sa_mask[0]=11111111011111110111111111111111, sa_flags=SA_RESTART|SA_SIGINFO


---------------  S Y S T E M  ---------------

OS:Bsduname:Darwin 15.2.0 Darwin Kernel Version 15.2.0: Fri Nov 13 19:56:56 PST 2015; root:xnu-3248.20.55~2/RELEASE_X86_64 x86_64
rlimit: STACK 8192k, CORE 0k, NPROC 709, NOFILE 10240, AS infinity
load average:5.92 3.87 3.44

CPU:total 4 (2 cores per cpu, 2 threads per core) family 6 model 42 stepping 7, cmov, cx8, fxsr, mmx, sse, sse2, sse3, ssse3, sse4.1, sse4.2, popcnt, avx, aes, clmul, ht, tsc, tscinvbit

Memory: 4k page, physical 8388608k(95272k free)

/proc/meminfo:


vm_info: Java HotSpot(TM) 64-Bit Server VM (25.20-b23) for bsd-amd64 JRE (1.8.0_20-b26), built on Jul 30 2014 13:37:47 by "java_re" with gcc 4.2.1 (Based on Apple Inc. build 5658) (LLVM build 2336.9.00)

time: Tue Jun  6 16:43:11 2017
elapsed time: 58 seconds (0d 0h 0m 58s)

